<?xml version="1.0" encoding="UTF-8"?>
<Site BuildName="(empty)"
	BuildStamp="20240914-0332-Experimental"
	Name="(empty)"
	Generator="ctest-3.27.2-msvc1"
	CompilerName=""
	CompilerVersion=""
	OSName="Windows"
	Hostname="DESKTOP-972HN4M"
	OSRelease=" Personal"
	OSVersion=" (Build 22631)"
	OSPlatform="AMD64"
	Is64Bits="1"
	VendorString="AuthenticAMD"
	VendorID="Advanced Micro Devices"
	FamilyID="15"
	ModelID="4"
	ProcessorCacheSize="64"
	NumberOfLogicalCPU="16"
	NumberOfPhysicalCPU="8"
	TotalVirtualMemory="29893"
	TotalPhysicalMemory="15557"
	LogicalProcessorsPerPhysical="2"
	ProcessorClockFrequency="3193"
	>
	<Testing>
		<StartDateTime>Sep 14 10:32 SE Asia Standard Time</StartDateTime>
		<StartTestTime>1726284757</StartTestTime>
		<TestList/>
		<EndDateTime>Sep 14 10:32 SE Asia Standard Time</EndDateTime>
		<EndTestTime>1726284757</EndTestTime>
		<ElapsedMinutes>0</ElapsedMinutes>
	</Testing>
</Site>
